[0327/212535.734:ERROR:scoped_process_suspend.cc(31)] NtSuspendProcess: An attempt was made to access an exiting process. (0xc000010a)
[0327/212535.844:ERROR:scoped_process_suspend.cc(31)] NtSuspendProcess: An attempt was made to access an exiting process. (0xc000010a)
[0327/212535.737:ERROR:scoped_process_suspend.cc(31)] NtSuspendProcess: An attempt was made to access an exiting process. (0xc000010a)
[0327/212536.545:ERROR:process_info.cc(118)] ReadProcessMemory bool __cdecl crashpad::(anonymous namespace)::ReadStruct(HANDLE, crashpad::WinVMAddress, T *) [T = crashpad::process_types::PEB<crashpad::process_types::internal::Traits64>]: Only part of a ReadProcessMemory or WriteProcessMemory request was completed. (0x12B)
[0327/212536.546:ERROR:process_info.cc(551)] ReadProcessData failed
[0327/212536.545:ERROR:process_info.cc(118)] ReadProcessMemory bool __cdecl crashpad::(anonymous namespace)::ReadStruct(HANDLE, crashpad::WinVMAddress, T *) [T = crashpad::process_types::PEB<crashpad::process_types::internal::Traits64>]: Only part of a ReadProcessMemory or WriteProcessMemory request was completed. (0x12B)
[0327/212536.545:ERROR:process_info.cc(118)] ReadProcessMemory bool __cdecl crashpad::(anonymous namespace)::ReadStruct(HANDLE, crashpad::WinVMAddress, T *) [T = crashpad::process_types::PEB<crashpad::process_types::internal::Traits64>]: Only part of a ReadProcessMemory or WriteProcessMemory request was completed. (0x12B)
[0327/212536.546:ERROR:process_info.cc(551)] ReadProcessData failed
[0327/212536.546:ERROR:process_info.cc(551)] ReadProcessData failed
[0327/212537.531:ERROR:process_reader_win.cc(123)] NtOpenThread: {Access Denied} A process has requested access to an object, but has not been granted those access rights. (0xc0000022)
[0327/212537.531:ERROR:exception_snapshot_win.cc(98)] thread ID 10968 not found in process
[0327/212537.534:ERROR:process_reader_win.cc(123)] NtOpenThread: {Access Denied} A process has requested access to an object, but has not been granted those access rights. (0xc0000022)
[0327/212537.534:ERROR:process_reader_win.cc(123)] NtOpenThread: {Access Denied} A process has requested access to an object, but has not been granted those access rights. (0xc0000022)
[0327/212537.534:ERROR:exception_snapshot_win.cc(98)] thread ID 12860 not found in process
[0327/212537.534:ERROR:exception_snapshot_win.cc(98)] thread ID 9264 not found in process
[0327/212537.550:ERROR:process_info.cc(329)] VirtualQueryEx: Access is denied. (0x5)
[0327/212537.551:ERROR:process_info.cc(556)] ReadMemoryInfo failed
[0327/212537.551:ERROR:process_memory_win.cc(39)] Failed to initialize ProcessInfo.
[0327/212537.551:ERROR:scoped_process_suspend.cc(40)] NtResumeProcess: An attempt was made to access an exiting process. (0xc000010a)
[0327/212537.565:ERROR:process_reader_win.cc(123)] NtOpenThread: {Access Denied} A process has requested access to an object, but has not been granted those access rights. (0xc0000022)
[0327/212537.565:ERROR:exception_snapshot_win.cc(98)] thread ID 11408 not found in process
[0327/212537.678:ERROR:process_reader_win.cc(123)] NtOpenThread: {Access Denied} A process has requested access to an object, but has not been granted those access rights. (0xc0000022)
[0327/212537.678:ERROR:exception_snapshot_win.cc(98)] thread ID 16812 not found in process
[0327/212537.700:ERROR:process_info.cc(329)] VirtualQueryEx: Access is denied. (0x5)
[0327/212537.700:ERROR:process_info.cc(556)] ReadMemoryInfo failed
[0327/212537.700:ERROR:scoped_process_suspend.cc(40)] NtResumeProcess: An attempt was made to access an exiting process. (0xc000010a)
[0327/212537.701:ERROR:process_reader_win.cc(123)] NtOpenThread: {Access Denied} A process has requested access to an object, but has not been granted those access rights. (0xc0000022)
[0327/212537.701:ERROR:exception_snapshot_win.cc(98)] thread ID 9716 not found in process
[0327/212537.708:ERROR:process_reader_win.cc(123)] NtOpenThread: {Access Denied} A process has requested access to an object, but has not been granted those access rights. (0xc0000022)
[0327/212537.708:ERROR:exception_snapshot_win.cc(98)] thread ID 11436 not found in process
[0327/212537.724:ERROR:process_reader_win.cc(123)] NtOpenThread: {Access Denied} A process has requested access to an object, but has not been granted those access rights. (0xc0000022)
[0327/212537.724:ERROR:exception_snapshot_win.cc(98)] thread ID 7868 not found in process
[0327/212537.731:ERROR:process_reader_win.cc(123)] NtOpenThread: {Access Denied} A process has requested access to an object, but has not been granted those access rights. (0xc0000022)
[0327/212537.732:ERROR:exception_snapshot_win.cc(98)] thread ID 17864 not found in process
